2024-03-05 02:23:03.394 [main] INFO  ru.bank.assigment.api.weather.steps_defenitions.WeatherSteps - info Мы только что поприветствовали пользователя!
2024-03-05 02:23:03.399 [main] WARN  ru.bank.assigment.api.weather.steps_defenitions.WeatherSteps - Мы только что поприветствовали пользователя!
2024-03-05 02:23:03.399 [main] ERROR ru.bank.assigment.api.weather.steps_defenitions.WeatherSteps - Мы только что поприветствовали пользователя!
2024-03-05 02:23:03.399 [main] FATAL ru.bank.assigment.api.weather.steps_defenitions.WeatherSteps - Мы только что поприветствовали пользователя!
2024-03-05 02:33:11.561 [main] INFO  ru.bank.assigment.api.weather.steps_defenitions.WeatherSteps - testIHaveApiToken started
2024-03-05 02:33:11.563 [main] INFO  ru.bank.assigment.api.weather.steps_defenitions.WeatherSteps - testIHaveApiToken finished
2024-03-05 02:33:11.566 [main] INFO  ru.bank.assigment.api.weather.steps_defenitions.WeatherSteps - testRequestWeatherFor started
2024-03-05 02:33:11.567 [main] INFO  ru.bank.assigment.api.weather.steps_defenitions.WeatherSteps - City: Minsk
2024-03-05 02:33:13.342 [main] INFO  ru.bank.assigment.api.weather.steps_defenitions.WeatherSteps - testRequestWeatherFor finished
2024-03-05 02:33:13.343 [main] INFO  ru.bank.assigment.api.weather.steps_defenitions.WeatherSteps - testReceiveDataOfWeather started
2024-03-05 02:33:13.520 [main] INFO  ru.bank.assigment.api.weather.steps_defenitions.WeatherSteps - testReceiveResponseWhichContainsCity started
2024-03-05 02:33:13.534 [main] INFO  ru.bank.assigment.api.weather.steps_defenitions.WeatherSteps - testIHaveApiToken started
2024-03-05 02:33:13.534 [main] INFO  ru.bank.assigment.api.weather.steps_defenitions.WeatherSteps - testIHaveApiToken finished
2024-03-05 02:33:13.534 [main] INFO  ru.bank.assigment.api.weather.steps_defenitions.WeatherSteps - testRequestWeatherFor started
2024-03-05 02:33:13.534 [main] INFO  ru.bank.assigment.api.weather.steps_defenitions.WeatherSteps - City: Moscow
2024-03-05 02:33:14.745 [main] INFO  ru.bank.assigment.api.weather.steps_defenitions.WeatherSteps - testRequestWeatherFor finished
2024-03-05 02:33:14.747 [main] INFO  ru.bank.assigment.api.weather.steps_defenitions.WeatherSteps - testReceiveDataOfWeather started
2024-03-05 02:33:14.763 [main] INFO  ru.bank.assigment.api.weather.steps_defenitions.WeatherSteps - testReceiveResponseWhichContainsCity started
2024-03-05 02:33:14.788 [main] INFO  ru.bank.assigment.api.weather.steps_defenitions.WeatherSteps - testIHaveApiToken started
2024-03-05 02:33:14.788 [main] INFO  ru.bank.assigment.api.weather.steps_defenitions.WeatherSteps - testIHaveApiToken finished
2024-03-05 02:33:14.788 [main] INFO  ru.bank.assigment.api.weather.steps_defenitions.WeatherSteps - testRequestWeatherFor started
2024-03-05 02:33:14.788 [main] INFO  ru.bank.assigment.api.weather.steps_defenitions.WeatherSteps - City: London
2024-03-05 02:33:15.498 [main] INFO  ru.bank.assigment.api.weather.steps_defenitions.WeatherSteps - testRequestWeatherFor finished
2024-03-05 02:33:15.500 [main] INFO  ru.bank.assigment.api.weather.steps_defenitions.WeatherSteps - testReceiveDataOfWeather started
2024-03-05 02:33:15.517 [main] INFO  ru.bank.assigment.api.weather.steps_defenitions.WeatherSteps - testReceiveResponseWhichContainsCity started
2024-03-05 02:33:15.536 [main] INFO  ru.bank.assigment.api.weather.steps_defenitions.WeatherSteps - testIHaveApiToken started
2024-03-05 02:33:15.536 [main] INFO  ru.bank.assigment.api.weather.steps_defenitions.WeatherSteps - testIHaveApiToken finished
2024-03-05 02:33:15.536 [main] INFO  ru.bank.assigment.api.weather.steps_defenitions.WeatherSteps - testRequestWeatherFor started
2024-03-05 02:33:15.536 [main] INFO  ru.bank.assigment.api.weather.steps_defenitions.WeatherSteps - City: Dubai
2024-03-05 02:33:16.920 [main] INFO  ru.bank.assigment.api.weather.steps_defenitions.WeatherSteps - testRequestWeatherFor finished
2024-03-05 02:33:16.922 [main] INFO  ru.bank.assigment.api.weather.steps_defenitions.WeatherSteps - testReceiveDataOfWeather started
2024-03-05 02:33:16.940 [main] INFO  ru.bank.assigment.api.weather.steps_defenitions.WeatherSteps - testReceiveResponseWhichContainsCity started
2024-03-05 02:33:16.957 [main] INFO  ru.bank.assigment.api.weather.steps_defenitions.WeatherSteps - testIHaveInvalidApiToken started
2024-03-05 02:33:16.958 [main] INFO  ru.bank.assigment.api.weather.steps_defenitions.WeatherSteps - testRequestWeatherForMinskWithInvalidToken started
2024-03-05 02:33:18.270 [main] INFO  ru.bank.assigment.api.weather.steps_defenitions.WeatherSteps - testReceiveErrorCodeWithInvalidToken started
2024-03-05 02:33:18.275 [main] INFO  ru.bank.assigment.api.weather.steps_defenitions.WeatherSteps - testIHaveValidApiToken started
2024-03-05 02:33:18.276 [main] INFO  ru.bank.assigment.api.weather.steps_defenitions.WeatherSteps - testRequestWeatherForIncorrectCityName started
2024-03-05 02:33:18.862 [main] INFO  ru.bank.assigment.api.weather.steps_defenitions.WeatherSteps - testReceiveErrorCode started
2024-03-05 02:33:18.865 [main] INFO  ru.bank.assigment.api.weather.steps_defenitions.WeatherSteps - testRequestWeatherForInCaseIncorrectURL started
2024-03-05 02:33:19.449 [main] INFO  ru.bank.assigment.api.weather.steps_defenitions.WeatherSteps - testReceiveErrorCodeInCaseIncorrectURL started
2024-03-05 02:33:19.454 [main] INFO  ru.bank.assigment.api.weather.steps_defenitions.WeatherSteps - testRequestWeatherForInCaseWithoutQParameter started
2024-03-05 02:39:27.930 [main] INFO  ru.bank.assigment.api.weather.steps_defenitions.WeatherSteps - testIHaveApiToken started
2024-03-05 02:39:27.932 [main] INFO  ru.bank.assigment.api.weather.steps_defenitions.WeatherSteps - testIHaveApiToken finished
2024-03-05 02:47:39.425 [main] INFO  ru.bank.assigment.productservice.product.BankProductTest - testTopUp started
2024-03-05 02:47:39.427 [main] INFO  ru.bank.assigment.productservice.product.BankProductTest - testGetBalance started
2024-03-05 02:50:42.377 [main] INFO  ru.bank.assigment.productservice.product.BankProductTest - testTopUp started
2024-03-05 02:50:42.378 [main] INFO  ru.bank.assigment.productservice.product.BankProductTest - testGetBalance started
2024-03-05 02:53:50.358 [main] INFO  ru.bank.assigment.productservice.product.BankProductTest - testTopUp started
2024-03-05 02:53:50.359 [main] INFO  ru.bank.assigment.productservice.product.BankProductTest - testGetBalance started
2024-03-05 02:53:57.546 [main] INFO  ru.bank.assigment.productservice.product.card.credit.CreditCardTest - Before method started
2024-03-05 02:53:57.549 [main] INFO  ru.bank.assigment.productservice.product.card.credit.CreditCardTest - testGetDebt started
2024-03-05 02:53:57.549 [main] INFO  ru.bank.assigment.productservice.product.card.credit.CreditCardTest - Test finished
2024-03-05 02:53:57.550 [main] INFO  ru.bank.assigment.productservice.product.card.credit.CreditCardTest - Before method started
2024-03-05 02:53:57.550 [main] INFO  ru.bank.assigment.productservice.product.BankProductTest - testTopUp started
2024-03-05 02:53:57.550 [main] INFO  ru.bank.assigment.productservice.product.card.credit.CreditCardTest - Test finished
2024-03-05 02:53:57.555 [main] INFO  ru.bank.assigment.productservice.product.card.credit.CreditCardTest - Before method started
2024-03-05 02:53:57.555 [main] INFO  ru.bank.assigment.productservice.product.BankProductTest - testGetBalance started
2024-03-05 02:53:57.555 [main] INFO  ru.bank.assigment.productservice.product.card.credit.CreditCardTest - Test finished
2024-03-05 02:57:16.153 [main] INFO  ru.bank.assigment.productservice.product.BankProductTest - testTopUp started
2024-03-05 02:57:16.157 [main] INFO  ru.bank.assigment.productservice.product.BankProductTest - Test finished
2024-03-05 02:57:16.158 [main] INFO  ru.bank.assigment.productservice.product.BankProductTest - testGetBalance started
2024-03-05 02:57:16.158 [main] INFO  ru.bank.assigment.productservice.product.BankProductTest - Test finished
2024-03-05 03:03:35.011 [main] INFO  ru.bank.assigment.productservice.product.BankProductTest - testTopUp started
2024-03-05 03:03:35.013 [main] INFO  ru.bank.assigment.productservice.product.BankProductTest - Test finished
2024-03-05 03:03:35.015 [main] INFO  ru.bank.assigment.productservice.product.BankProductTest - testGetBalance started
2024-03-05 03:03:35.015 [main] INFO  ru.bank.assigment.productservice.product.BankProductTest - Test finished
2024-03-05 03:05:23.577 [main] INFO  ru.bank.assigment.productservice.product.BankProductTest - testTopUp started
2024-03-05 03:05:23.578 [main] INFO  ru.bank.assigment.productservice.product.BankProductTest - Test finished
2024-03-05 03:05:23.579 [main] INFO  ru.bank.assigment.productservice.product.BankProductTest - testGetBalance started
2024-03-05 03:05:23.579 [main] INFO  ru.bank.assigment.productservice.product.BankProductTest - Test finished
2024-03-05 03:05:48.151 [main] INFO  ru.bank.assigment.productservice.product.BankProductTest - testTopUp started
2024-03-05 03:05:48.153 [main] INFO  ru.bank.assigment.productservice.product.BankProductTest - Test finished

2024-03-05 03:05:48.154 [main] INFO  ru.bank.assigment.productservice.product.BankProductTest - testGetBalance started
2024-03-05 03:05:48.154 [main] INFO  ru.bank.assigment.productservice.product.BankProductTest - Test finished

2024-03-05 03:07:29.919 [main] INFO  ru.bank.assigment.api.weather.steps_defenitions.WeatherSteps - testIHaveApiToken started
2024-03-05 03:07:29.921 [main] INFO  ru.bank.assigment.api.weather.steps_defenitions.WeatherSteps - testIHaveApiToken finished
2024-03-05 03:07:29.925 [main] INFO  ru.bank.assigment.api.weather.steps_defenitions.WeatherSteps - testRequestWeatherFor started
2024-03-05 03:07:29.925 [main] INFO  ru.bank.assigment.api.weather.steps_defenitions.WeatherSteps - City: Minsk
2024-03-05 03:07:31.800 [main] INFO  ru.bank.assigment.api.weather.steps_defenitions.WeatherSteps - testRequestWeatherFor finished
2024-03-05 03:07:31.800 [main] INFO  ru.bank.assigment.api.weather.steps_defenitions.WeatherSteps - testReceiveDataOfWeather started
2024-03-05 03:07:31.969 [main] INFO  ru.bank.assigment.api.weather.steps_defenitions.WeatherSteps - testReceiveResponseWhichContainsCity started
2024-03-05 03:07:31.984 [main] INFO  ru.bank.assigment.api.weather.steps_defenitions.WeatherSteps - testIHaveApiToken started
2024-03-05 03:07:31.984 [main] INFO  ru.bank.assigment.api.weather.steps_defenitions.WeatherSteps - testIHaveApiToken finished
2024-03-05 03:07:31.985 [main] INFO  ru.bank.assigment.api.weather.steps_defenitions.WeatherSteps - testRequestWeatherFor started
2024-03-05 03:07:31.985 [main] INFO  ru.bank.assigment.api.weather.steps_defenitions.WeatherSteps - City: Moscow
2024-03-05 03:07:32.642 [main] INFO  ru.bank.assigment.api.weather.steps_defenitions.WeatherSteps - testRequestWeatherFor finished
2024-03-05 03:07:32.642 [main] INFO  ru.bank.assigment.api.weather.steps_defenitions.WeatherSteps - testReceiveDataOfWeather started
2024-03-05 03:07:32.652 [main] INFO  ru.bank.assigment.api.weather.steps_defenitions.WeatherSteps - testReceiveResponseWhichContainsCity started
2024-03-05 03:07:32.672 [main] INFO  ru.bank.assigment.api.weather.steps_defenitions.WeatherSteps - testIHaveApiToken started
2024-03-05 03:07:32.672 [main] INFO  ru.bank.assigment.api.weather.steps_defenitions.WeatherSteps - testIHaveApiToken finished
2024-03-05 03:07:32.672 [main] INFO  ru.bank.assigment.api.weather.steps_defenitions.WeatherSteps - testRequestWeatherFor started
2024-03-05 03:07:32.672 [main] INFO  ru.bank.assigment.api.weather.steps_defenitions.WeatherSteps - City: London
2024-03-05 03:07:33.822 [main] INFO  ru.bank.assigment.api.weather.steps_defenitions.WeatherSteps - testRequestWeatherFor finished
2024-03-05 03:07:33.824 [main] INFO  ru.bank.assigment.api.weather.steps_defenitions.WeatherSteps - testReceiveDataOfWeather started
2024-03-05 03:07:33.837 [main] INFO  ru.bank.assigment.api.weather.steps_defenitions.WeatherSteps - testReceiveResponseWhichContainsCity started
2024-03-05 03:07:33.854 [main] INFO  ru.bank.assigment.api.weather.steps_defenitions.WeatherSteps - testIHaveApiToken started
2024-03-05 03:07:33.854 [main] INFO  ru.bank.assigment.api.weather.steps_defenitions.WeatherSteps - testIHaveApiToken finished
2024-03-05 03:07:33.855 [main] INFO  ru.bank.assigment.api.weather.steps_defenitions.WeatherSteps - testRequestWeatherFor started
2024-03-05 03:07:33.855 [main] INFO  ru.bank.assigment.api.weather.steps_defenitions.WeatherSteps - City: Dubai
2024-03-05 03:07:34.438 [main] INFO  ru.bank.assigment.api.weather.steps_defenitions.WeatherSteps - testRequestWeatherFor finished
2024-03-05 03:07:34.440 [main] INFO  ru.bank.assigment.api.weather.steps_defenitions.WeatherSteps - testReceiveDataOfWeather started
2024-03-05 03:07:34.453 [main] INFO  ru.bank.assigment.api.weather.steps_defenitions.WeatherSteps - testReceiveResponseWhichContainsCity started
2024-03-05 03:07:34.468 [main] INFO  ru.bank.assigment.api.weather.steps_defenitions.WeatherSteps - testIHaveInvalidApiToken started
2024-03-05 03:07:34.469 [main] INFO  ru.bank.assigment.api.weather.steps_defenitions.WeatherSteps - testRequestWeatherForMinskWithInvalidToken started
2024-03-05 03:07:34.940 [main] INFO  ru.bank.assigment.api.weather.steps_defenitions.WeatherSteps - testReceiveErrorCodeWithInvalidToken started
2024-03-05 03:07:34.946 [main] INFO  ru.bank.assigment.api.weather.steps_defenitions.WeatherSteps - testIHaveValidApiToken started
2024-03-05 03:07:34.947 [main] INFO  ru.bank.assigment.api.weather.steps_defenitions.WeatherSteps - testRequestWeatherForIncorrectCityName started
2024-03-05 03:07:36.073 [main] INFO  ru.bank.assigment.api.weather.steps_defenitions.WeatherSteps - testReceiveErrorCode started
2024-03-05 03:07:36.078 [main] INFO  ru.bank.assigment.api.weather.steps_defenitions.WeatherSteps - testRequestWeatherForInCaseIncorrectURL started
2024-03-05 03:07:36.686 [main] INFO  ru.bank.assigment.api.weather.steps_defenitions.WeatherSteps - testReceiveErrorCodeInCaseIncorrectURL started
2024-03-05 03:07:36.690 [main] INFO  ru.bank.assigment.api.weather.steps_defenitions.WeatherSteps - testRequestWeatherForInCaseWithoutQParameter started
2024-03-05 03:07:37.903 [main] INFO  ru.bank.assigment.api.weather.steps_defenitions.WeatherSteps - testReceiveErrorCodeInCaseWithoutQParameter started
